0 info it worked if it ends with ok
1 verbose cli [ '/usr/local/bin/node', '/usr/local/bin/npm', 'adduser' ]
2 info using npm@1.3.21
3 info using node@v0.10.36
4 verbose adduser before first PUT { name: 'zuick',
4 verbose adduser   salt: 'XXXXX',
4 verbose adduser   password_sha: 'XXXXX',
4 verbose adduser   email: 'izuick@gmail.com',
4 verbose adduser   _id: 'org.couchdb.user:zuick',
4 verbose adduser   type: 'user',
4 verbose adduser   roles: [],
4 verbose adduser   date: '2015-07-27T13:40:20.256Z' }
5 verbose url raw /-/user/org.couchdb.user:zuick
6 verbose url resolving [ 'http://registry.npmjs.org/',
6 verbose url resolving   './-/user/org.couchdb.user:zuick' ]
7 verbose url resolved http://registry.npmjs.org/-/user/org.couchdb.user:zuick
8 info trying registry request attempt 1 at 18:40:20
9 http PUT http://registry.npmjs.org/-/user/org.couchdb.user:zuick
10 http 400 http://registry.npmjs.org/-/user/org.couchdb.user:zuick
11 verbose adduser back [ [Error: Unknown error while authenticating : -/user/org.couchdb.user:zuick],
11 verbose adduser   { ok: false, error: 'Unknown error while authenticating' },
11 verbose adduser   '{"ok":false,"error":"Unknown error while authenticating"}' ]
12 error Error: Unknown error while authenticating : -/user/org.couchdb.user:zuick
12 error     at RegClient.<anonymous> (/usr/local/Cellar/node/0.10.24/lib/node_modules/npm/node_modules/npm-registry-client/lib/request.js:275:14)
12 error     at Request.self.callback (/usr/local/Cellar/node/0.10.24/lib/node_modules/npm/node_modules/request/request.js:123:22)
12 error     at Request.emit (events.js:98:17)
12 error     at Request.<anonymous> (/usr/local/Cellar/node/0.10.24/lib/node_modules/npm/node_modules/request/request.js:893:14)
12 error     at Request.emit (events.js:117:20)
12 error     at IncomingMessage.<anonymous> (/usr/local/Cellar/node/0.10.24/lib/node_modules/npm/node_modules/request/request.js:844:12)
12 error     at IncomingMessage.emit (events.js:117:20)
12 error     at _stream_readable.js:944:16
12 error     at process._tickCallback (node.js:442:13)
13 error If you need help, you may report this *entire* log,
13 error including the npm and node versions, at:
13 error     <http://github.com/isaacs/npm/issues>
14 error System Darwin 14.3.0
15 error command "/usr/local/bin/node" "/usr/local/bin/npm" "adduser"
16 error cwd /Users/ruslan-khakimov/workspace/miniswagger
17 error node -v v0.10.36
18 error npm -v 1.3.21
19 verbose exit [ 1, true ]
